This is ApacheBench, Version 2.3 <$Revision: 1796539 $>
Copyright 1996 Adam Twiss, Zeus Technology Ltd, http://www.zeustech.net/
Licensed to The Apache Software Foundation, http://www.apache.org/

Benchmarking 0.0.0.0 (be patient)


Server Software:        Cowboy
Server Hostname:        0.0.0.0
Server Port:            4000

Document Path:          /api
Document Length:        32 bytes

Concurrency Level:      500
Time taken for tests:   3.907 seconds
Complete requests:      50000
Failed requests:        0
Keep-Alive requests:    49637
Total transferred:      14341288 bytes
Total body sent:        12150000
HTML transferred:       1600000 bytes
Requests per second:    12797.74 [#/sec] (mean)
Time per request:       39.069 [ms] (mean)
Time per request:       0.078 [ms] (mean, across all concurrent requests)
Transfer rate:          3584.69 [Kbytes/sec] received
                        3036.96 kb/s sent
                        6621.65 kb/s total

Connection Times (ms)
              min  mean[+/-sd] median   max
Connect:        0    2  48.8      0    1031
Processing:     1   36  16.6     34     184
Waiting:        1   36  16.6     34     184
Total:          1   39  53.1     34    1103

Percentage of the requests served within a certain time (ms)
  50%     34
  66%     40
  75%     44
  80%     47
  90%     56
  95%     66
  98%     82
  99%    102
 100%   1103 (longest request)
